                                 Started job on |	Nov 22 12:40:25
                             Started mapping on |	Nov 22 12:47:30
                                    Finished on |	Nov 22 13:01:06
       Mapping speed, Million of reads per hour |	199.86

                          Number of input reads |	45300793
                      Average input read length |	75
                                    UNIQUE READS:
                   Uniquely mapped reads number |	40163316
                        Uniquely mapped reads % |	88.66%
                          Average mapped length |	74.38
                       Number of splices: Total |	2317010
            Number of splices: Annotated (sjdb) |	2263280
                       Number of splices: GT/AG |	2285271
                       Number of splices: GC/AG |	16945
                       Number of splices: AT/AC |	2330
               Number of splices: Non-canonical |	12464
                      Mismatch rate per base, % |	1.06%
                         Deletion rate per base |	0.01%
                        Deletion average length |	1.16
                        Insertion rate per base |	0.03%
                       Insertion average length |	3.17
                             MULTI-MAPPING READS:
        Number of reads mapped to multiple loci |	2191321
             % of reads mapped to multiple loci |	4.84%
        Number of reads mapped to too many loci |	34319
             % of reads mapped to too many loci |	0.08%
                                  UNMAPPED READS:
       % of reads unmapped: too many mismatches |	0.00%
                 % of reads unmapped: too short |	6.15%
                     % of reads unmapped: other |	0.28%
                                  CHIMERIC READS:
                       Number of chimeric reads |	0
                            % of chimeric reads |	0.00%
