                                 Started job on |	Nov 22 11:19:06
                             Started mapping on |	Nov 22 11:27:36
                                    Finished on |	Nov 22 11:37:53
       Mapping speed, Million of reads per hour |	206.66

                          Number of input reads |	35418494
                      Average input read length |	75
                                    UNIQUE READS:
                   Uniquely mapped reads number |	31801476
                        Uniquely mapped reads % |	89.79%
                          Average mapped length |	74.55
                       Number of splices: Total |	1880699
            Number of splices: Annotated (sjdb) |	1828125
                       Number of splices: GT/AG |	1855154
                       Number of splices: GC/AG |	13767
                       Number of splices: AT/AC |	2018
               Number of splices: Non-canonical |	9760
                      Mismatch rate per base, % |	0.95%
                         Deletion rate per base |	0.01%
                        Deletion average length |	1.13
                        Insertion rate per base |	0.03%
                       Insertion average length |	3.35
                             MULTI-MAPPING READS:
        Number of reads mapped to multiple loci |	1713822
             % of reads mapped to multiple loci |	4.84%
        Number of reads mapped to too many loci |	31614
             % of reads mapped to too many loci |	0.09%
                                  UNMAPPED READS:
       % of reads unmapped: too many mismatches |	0.00%
                 % of reads unmapped: too short |	5.02%
                     % of reads unmapped: other |	0.27%
                                  CHIMERIC READS:
                       Number of chimeric reads |	0
                            % of chimeric reads |	0.00%
