                                 Started job on |	Nov 22 14:26:41
                             Started mapping on |	Nov 22 14:33:47
                                    Finished on |	Nov 22 14:44:08
       Mapping speed, Million of reads per hour |	207.82

                          Number of input reads |	35848170
                      Average input read length |	75
                                    UNIQUE READS:
                   Uniquely mapped reads number |	31772908
                        Uniquely mapped reads % |	88.63%
                          Average mapped length |	74.73
                       Number of splices: Total |	2307310
            Number of splices: Annotated (sjdb) |	2255900
                       Number of splices: GT/AG |	2276382
                       Number of splices: GC/AG |	17652
                       Number of splices: AT/AC |	2417
               Number of splices: Non-canonical |	10859
                      Mismatch rate per base, % |	0.79%
                         Deletion rate per base |	0.01%
                        Deletion average length |	1.20
                        Insertion rate per base |	0.03%
                       Insertion average length |	3.00
                             MULTI-MAPPING READS:
        Number of reads mapped to multiple loci |	1871470
             % of reads mapped to multiple loci |	5.22%
        Number of reads mapped to too many loci |	43577
             % of reads mapped to too many loci |	0.12%
                                  UNMAPPED READS:
       % of reads unmapped: too many mismatches |	0.00%
                 % of reads unmapped: too short |	5.73%
                     % of reads unmapped: other |	0.30%
                                  CHIMERIC READS:
                       Number of chimeric reads |	0
                            % of chimeric reads |	0.00%
