                                 Started job on |	Nov 22 13:47:45
                             Started mapping on |	Nov 22 13:55:27
                                    Finished on |	Nov 22 14:08:35
       Mapping speed, Million of reads per hour |	150.94

                          Number of input reads |	33039766
                      Average input read length |	75
                                    UNIQUE READS:
                   Uniquely mapped reads number |	25301741
                        Uniquely mapped reads % |	76.58%
                          Average mapped length |	72.46
                       Number of splices: Total |	704538
            Number of splices: Annotated (sjdb) |	673633
                       Number of splices: GT/AG |	689417
                       Number of splices: GC/AG |	5468
                       Number of splices: AT/AC |	722
               Number of splices: Non-canonical |	8931
                      Mismatch rate per base, % |	2.83%
                         Deletion rate per base |	0.04%
                        Deletion average length |	1.06
                        Insertion rate per base |	0.08%
                       Insertion average length |	3.03
                             MULTI-MAPPING READS:
        Number of reads mapped to multiple loci |	2805097
             % of reads mapped to multiple loci |	8.49%
        Number of reads mapped to too many loci |	46456
             % of reads mapped to too many loci |	0.14%
                                  UNMAPPED READS:
       % of reads unmapped: too many mismatches |	0.00%
                 % of reads unmapped: too short |	14.50%
                     % of reads unmapped: other |	0.29%
                                  CHIMERIC READS:
                       Number of chimeric reads |	0
                            % of chimeric reads |	0.00%
