                                 Started job on |	Nov 22 13:02:19
                             Started mapping on |	Nov 22 13:11:09
                                    Finished on |	Nov 22 13:25:56
       Mapping speed, Million of reads per hour |	157.76

                          Number of input reads |	38871411
                      Average input read length |	75
                                    UNIQUE READS:
                   Uniquely mapped reads number |	33231785
                        Uniquely mapped reads % |	85.49%
                          Average mapped length |	74.06
                       Number of splices: Total |	2069642
            Number of splices: Annotated (sjdb) |	2017004
                       Number of splices: GT/AG |	2038366
                       Number of splices: GC/AG |	15075
                       Number of splices: AT/AC |	2112
               Number of splices: Non-canonical |	14089
                      Mismatch rate per base, % |	1.33%
                         Deletion rate per base |	0.02%
                        Deletion average length |	1.13
                        Insertion rate per base |	0.05%
                       Insertion average length |	3.15
                             MULTI-MAPPING READS:
        Number of reads mapped to multiple loci |	2366381
             % of reads mapped to multiple loci |	6.09%
        Number of reads mapped to too many loci |	54849
             % of reads mapped to too many loci |	0.14%
                                  UNMAPPED READS:
       % of reads unmapped: too many mismatches |	0.00%
                 % of reads unmapped: too short |	7.97%
                     % of reads unmapped: other |	0.31%
                                  CHIMERIC READS:
                       Number of chimeric reads |	0
                            % of chimeric reads |	0.00%
