                                 Started job on |	Nov 22 10:59:18
                             Started mapping on |	Nov 22 11:07:17
                                    Finished on |	Nov 22 11:18:05
       Mapping speed, Million of reads per hour |	201.46

                          Number of input reads |	36262280
                      Average input read length |	75
                                    UNIQUE READS:
                   Uniquely mapped reads number |	31979774
                        Uniquely mapped reads % |	88.19%
                          Average mapped length |	74.42
                       Number of splices: Total |	2024151
            Number of splices: Annotated (sjdb) |	1973127
                       Number of splices: GT/AG |	1992283
                       Number of splices: GC/AG |	14365
                       Number of splices: AT/AC |	2125
               Number of splices: Non-canonical |	15378
                      Mismatch rate per base, % |	0.95%
                         Deletion rate per base |	0.01%
                        Deletion average length |	1.19
                        Insertion rate per base |	0.04%
                       Insertion average length |	3.33
                             MULTI-MAPPING READS:
        Number of reads mapped to multiple loci |	1882658
             % of reads mapped to multiple loci |	5.19%
        Number of reads mapped to too many loci |	54837
             % of reads mapped to too many loci |	0.15%
                                  UNMAPPED READS:
       % of reads unmapped: too many mismatches |	0.00%
                 % of reads unmapped: too short |	6.15%
                     % of reads unmapped: other |	0.32%
                                  CHIMERIC READS:
                       Number of chimeric reads |	0
                            % of chimeric reads |	0.00%
